This is pdfTeX, Version 3.141592653-2.6-1.40.24 (TeX Live 2022) (preloaded format=pdflatex 2023.3.19)  1 MAY 2023 13:15
entering extended mode
 restricted \write18 enabled.
 %&-line parsing enabled.
**Entrega2.tex
(./Entrega2.tex
LaTeX2e <2022-11-01> patch level 1
L3 programming layer <2023-02-22> (/home/pau/.TinyTeX/texmf-dist/tex/latex/base/article.cls
Document Class: article 2022/07/02 v1.4n Standard LaTeX document class
(/home/pau/.TinyTeX/texmf-dist/tex/latex/base/size10.clo
File: size10.clo 2022/07/02 v1.4n Standard LaTeX file (size option)
)
\c@part=\count185
\c@section=\count186
\c@subsection=\count187
\c@subsubsection=\count188
\c@paragraph=\count189
\c@subparagraph=\count190
\c@figure=\count191
\c@table=\count192
\abovecaptionskip=\skip48
\belowcaptionskip=\skip49
\bibindent=\dimen140
) (/home/pau/.TinyTeX/texmf-dist/tex/latex/amsmath/amsmath.sty
Package: amsmath 2022/04/08 v2.17n AMS math features
\@mathmargin=\skip50
For additional information on amsmath, use the `?' option.
(/home/pau/.TinyTeX/texmf-dist/tex/latex/amsmath/amstext.sty
Package: amstext 2021/08/26 v2.01 AMS text
(/home/pau/.TinyTeX/texmf-dist/tex/latex/amsmath/amsgen.sty
File: amsgen.sty 1999/11/30 v2.0 generic functions
\@emptytoks=\toks16
\ex@=\dimen141
)) (/home/pau/.TinyTeX/texmf-dist/tex/latex/amsmath/amsbsy.sty
Package: amsbsy 1999/11/29 v1.2d Bold Symbols
\pmbraise@=\dimen142
) (/home/pau/.TinyTeX/texmf-dist/tex/latex/amsmath/amsopn.sty
Package: amsopn 2022/04/08 v2.04 operator names
)
\inf@bad=\count193
LaTeX Info: Redefining \frac on input line 234.
\uproot@=\count194
\leftroot@=\count195
LaTeX Info: Redefining \overline on input line 399.
LaTeX Info: Redefining \colon on input line 410.
\classnum@=\count196
\DOTSCASE@=\count197
LaTeX Info: Redefining \ldots on input line 496.
LaTeX Info: Redefining \dots on input line 499.
LaTeX Info: Redefining \cdots on input line 620.
\Mathstrutbox@=\box51
\strutbox@=\box52
LaTeX Info: Redefining \big on input line 722.
LaTeX Info: Redefining \Big on input line 723.
LaTeX Info: Redefining \bigg on input line 724.
LaTeX Info: Redefining \Bigg on input line 725.
\big@size=\dimen143
LaTeX Font Info:    Redeclaring font encoding OML on input line 743.
LaTeX Font Info:    Redeclaring font encoding OMS on input line 744.
\macc@depth=\count198
LaTeX Info: Redefining \bmod on input line 905.
LaTeX Info: Redefining \pmod on input line 910.
LaTeX Info: Redefining \smash on input line 940.
LaTeX Info: Redefining \relbar on input line 970.
LaTeX Info: Redefining \Relbar on input line 971.
\c@MaxMatrixCols=\count199
\dotsspace@=\muskip16
\c@parentequation=\count266
\dspbrk@lvl=\count267
\tag@help=\toks17
\row@=\count268
\column@=\count269
\maxfields@=\count270
\andhelp@=\toks18
\eqnshift@=\dimen144
\alignsep@=\dimen145
\tagshift@=\dimen146
\tagwidth@=\dimen147
\totwidth@=\dimen148
\lineht@=\dimen149
\@envbody=\toks19
\multlinegap=\skip51
\multlinetaggap=\skip52
\mathdisplay@stack=\toks20
LaTeX Info: Redefining \[ on input line 2953.
LaTeX Info: Redefining \] on input line 2954.
) (/home/pau/.TinyTeX/texmf-dist/tex/latex/amsfonts/amssymb.sty
Package: amssymb 2013/01/14 v3.01 AMS font symbols
(/home/pau/.TinyTeX/texmf-dist/tex/latex/amsfonts/amsfonts.sty
Package: amsfonts 2013/01/14 v3.01 Basic AMSFonts support
\symAMSa=\mathgroup4
\symAMSb=\mathgroup5
LaTeX Font Info:    Redeclaring math symbol \hbar on input line 98.
LaTeX Font Info:    Overwriting math alphabet `\mathfrak' in version `bold'
(Font)                  U/euf/m/n --> U/euf/b/n on input line 106.
)) (/home/pau/.TinyTeX/texmf-dist/tex/latex/lm/lmodern.sty
Package: lmodern 2015/05/01 v1.6.1 Latin Modern Fonts
LaTeX Font Info:    Overwriting symbol font `operators' in version `normal'
(Font)                  OT1/cmr/m/n --> OT1/lmr/m/n on input line 22.
LaTeX Font Info:    Overwriting symbol font `letters' in version `normal'
(Font)                  OML/cmm/m/it --> OML/lmm/m/it on input line 23.
LaTeX Font Info:    Overwriting symbol font `symbols' in version `normal'
(Font)                  OMS/cmsy/m/n --> OMS/lmsy/m/n on input line 24.
LaTeX Font Info:    Overwriting symbol font `largesymbols' in version `normal'
(Font)                  OMX/cmex/m/n --> OMX/lmex/m/n on input line 25.
LaTeX Font Info:    Overwriting symbol font `operators' in version `bold'
(Font)                  OT1/cmr/bx/n --> OT1/lmr/bx/n on input line 26.
LaTeX Font Info:    Overwriting symbol font `letters' in version `bold'
(Font)                  OML/cmm/b/it --> OML/lmm/b/it on input line 27.
LaTeX Font Info:    Overwriting symbol font `symbols' in version `bold'
(Font)                  OMS/cmsy/b/n --> OMS/lmsy/b/n on input line 28.
LaTeX Font Info:    Overwriting symbol font `largesymbols' in version `bold'
(Font)                  OMX/cmex/m/n --> OMX/lmex/m/n on input line 29.
LaTeX Font Info:    Overwriting math alphabet `\mathbf' in version `normal'
(Font)                  OT1/cmr/bx/n --> OT1/lmr/bx/n on input line 31.
LaTeX Font Info:    Overwriting math alphabet `\mathsf' in version `normal'
(Font)                  OT1/cmss/m/n --> OT1/lmss/m/n on input line 32.
LaTeX Font Info:    Overwriting math alphabet `\mathit' in version `normal'
(Font)                  OT1/cmr/m/it --> OT1/lmr/m/it on input line 33.
LaTeX Font Info:    Overwriting math alphabet `\mathtt' in version `normal'
(Font)                  OT1/cmtt/m/n --> OT1/lmtt/m/n on input line 34.
LaTeX Font Info:    Overwriting math alphabet `\mathbf' in version `bold'
(Font)                  OT1/cmr/bx/n --> OT1/lmr/bx/n on input line 35.
LaTeX Font Info:    Overwriting math alphabet `\mathsf' in version `bold'
(Font)                  OT1/cmss/bx/n --> OT1/lmss/bx/n on input line 36.
LaTeX Font Info:    Overwriting math alphabet `\mathit' in version `bold'
(Font)                  OT1/cmr/bx/it --> OT1/lmr/bx/it on input line 37.
LaTeX Font Info:    Overwriting math alphabet `\mathtt' in version `bold'
(Font)                  OT1/cmtt/m/n --> OT1/lmtt/m/n on input line 38.
) (/home/pau/.TinyTeX/texmf-dist/tex/generic/iftex/iftex.sty
Package: iftex 2022/02/03 v1.0f TeX engine tests
) (/home/pau/.TinyTeX/texmf-dist/tex/latex/base/fontenc.sty
Package: fontenc 2021/04/29 v2.0v Standard LaTeX package
LaTeX Font Info:    Trying to load font information for T1+lmr on input line 112.
(/home/pau/.TinyTeX/texmf-dist/tex/latex/lm/t1lmr.fd
File: t1lmr.fd 2015/05/01 v1.6.1 Font defs for Latin Modern
)) (/home/pau/.TinyTeX/texmf-dist/tex/latex/base/inputenc.sty
Package: inputenc 2021/02/14 v1.3d Input encoding file
\inpenc@prehook=\toks21
\inpenc@posthook=\toks22
) (/home/pau/.TinyTeX/texmf-dist/tex/latex/base/textcomp.sty
Package: textcomp 2020/02/02 v2.0n Standard LaTeX package
) (/home/pau/.TinyTeX/texmf-dist/tex/latex/xcolor/xcolor.sty
Package: xcolor 2022/06/12 v2.14 LaTeX color extensions (UK)
(/home/pau/.TinyTeX/texmf-dist/tex/latex/graphics-cfg/color.cfg
File: color.cfg 2016/01/02 v1.6 sample color configuration
)
Package xcolor Info: Driver file: pdftex.def on input line 227.
(/home/pau/.TinyTeX/texmf-dist/tex/latex/graphics-def/pdftex.def
File: pdftex.def 2022/09/22 v1.2b Graphics/color driver for pdftex
) (/home/pau/.TinyTeX/texmf-dist/tex/latex/graphics/mathcolor.ltx)
Package xcolor Info: Model `cmy' substituted by `cmy0' on input line 1353.
Package xcolor Info: Model `hsb' substituted by `rgb' on input line 1357.
Package xcolor Info: Model `RGB' extended on input line 1369.
Package xcolor Info: Model `HTML' substituted by `rgb' on input line 1371.
Package xcolor Info: Model `Hsb' substituted by `hsb' on input line 1372.
Package xcolor Info: Model `tHsb' substituted by `hsb' on input line 1373.
Package xcolor Info: Model `HSB' substituted by `hsb' on input line 1374.
Package xcolor Info: Model `Gray' substituted by `gray' on input line 1375.
Package xcolor Info: Model `wave' substituted by `hsb' on input line 1376.
) (/home/pau/.TinyTeX/texmf-dist/tex/latex/fancyvrb/fancyvrb.sty
Package: fancyvrb 2023/01/19 4.5a verbatim text (tvz,hv)
(/home/pau/.TinyTeX/texmf-dist/tex/latex/graphics/keyval.sty
Package: keyval 2022/05/29 v1.15 key=value parser (DPC)
\KV@toks@=\toks23
)
\FV@CodeLineNo=\count271
\FV@InFile=\read2
\FV@TabBox=\box53
\c@FancyVerbLine=\count272
\FV@StepNumber=\count273
\FV@OutFile=\write3
) (/home/pau/.TinyTeX/texmf-dist/tex/latex/framed/framed.sty
Package: framed 2011/10/22 v 0.96: framed or shaded text with page breaks
\OuterFrameSep=\skip53
\fb@frw=\dimen150
\fb@frh=\dimen151
\FrameRule=\dimen152
\FrameSep=\dimen153
) (/home/pau/.TinyTeX/texmf-dist/tex/latex/tools/longtable.sty
Package: longtable 2021-09-01 v4.17 Multi-page Table package (DPC)
\LTleft=\skip54
\LTright=\skip55
\LTpre=\skip56
\LTpost=\skip57
\LTchunksize=\count274
\LTcapwidth=\dimen154
\LT@head=\box54
\LT@firsthead=\box55
\LT@foot=\box56
\LT@lastfoot=\box57
\LT@gbox=\box58
\LT@cols=\count275
\LT@rows=\count276
\c@LT@tables=\count277
\c@LT@chunks=\count278
\LT@p@ftn=\toks24
) (/home/pau/.TinyTeX/texmf-dist/tex/latex/booktabs/booktabs.sty
Package: booktabs 2020/01/12 v1.61803398 Publication quality tables
\heavyrulewidth=\dimen155
\lightrulewidth=\dimen156
\cmidrulewidth=\dimen157
\belowrulesep=\dimen158
\belowbottomsep=\dimen159
\aboverulesep=\dimen160
\abovetopsep=\dimen161
\cmidrulesep=\dimen162
\cmidrulekern=\dimen163
\defaultaddspace=\dimen164
\@cmidla=\count279
\@cmidlb=\count280
\@aboverulesep=\dimen165
\@belowrulesep=\dimen166
\@thisruleclass=\count281
\@lastruleclass=\count282
\@thisrulewidth=\dimen167
) (/home/pau/.TinyTeX/texmf-dist/tex/latex/tools/array.sty
Package: array 2022/09/04 v2.5g Tabular extension package (FMi)
\col@sep=\dimen168
\ar@mcellbox=\box59
\extrarowheight=\dimen169
\NC@list=\toks25
\extratabsurround=\skip58
\backup@length=\skip59
\ar@cellbox=\box60
) (/home/pau/.TinyTeX/texmf-dist/tex/latex/tools/calc.sty
Package: calc 2017/05/25 v4.3 Infix arithmetic (KKT,FJ)
\calc@Acount=\count283
\calc@Bcount=\count284
\calc@Adimen=\dimen170
\calc@Bdimen=\dimen171
\calc@Askip=\skip60
\calc@Bskip=\skip61
LaTeX Info: Redefining \setlength on input line 80.
LaTeX Info: Redefining \addtolength on input line 81.
\calc@Ccount=\count285
\calc@Cskip=\skip62
) (/home/pau/.TinyTeX/texmf-dist/tex/latex/etoolbox/etoolbox.sty
Package: etoolbox 2020/10/05 v2.5k e-TeX tools for LaTeX (JAW)
\etb@tempcnta=\count286
) (/home/pau/.TinyTeX/texmf-dist/tex/latex/mdwtools/footnote.sty
Package: footnote 1997/01/28 1.13 Save footnotes around boxes
\fn@notes=\box61
\fn@width=\dimen172
) (/home/pau/.TinyTeX/texmf-dist/tex/latex/graphics/graphicx.sty
Package: graphicx 2021/09/16 v1.2d Enhanced LaTeX Graphics (DPC,SPQR)
(/home/pau/.TinyTeX/texmf-dist/tex/latex/graphics/graphics.sty
Package: graphics 2022/03/10 v1.4e Standard LaTeX Graphics (DPC,SPQR)
(/home/pau/.TinyTeX/texmf-dist/tex/latex/graphics/trig.sty
Package: trig 2021/08/11 v1.11 sin cos tan (DPC)
) (/home/pau/.TinyTeX/texmf-dist/tex/latex/graphics-cfg/graphics.cfg
File: graphics.cfg 2016/06/04 v1.11 sample graphics configuration
)
Package graphics Info: Driver file: pdftex.def on input line 107.
)
\Gin@req@height=\dimen173
\Gin@req@width=\dimen174
) (/home/pau/.TinyTeX/texmf-dist/tex/latex/hyperref/hyperref.sty
Package: hyperref 2023-02-07 v7.00v Hypertext links for LaTeX
(/home/pau/.TinyTeX/texmf-dist/tex/generic/ltxcmds/ltxcmds.sty
Package: ltxcmds 2020-05-10 v1.25 LaTeX kernel commands for general use (HO)
) (/home/pau/.TinyTeX/texmf-dist/tex/generic/pdftexcmds/pdftexcmds.sty
Package: pdftexcmds 2020-06-27 v0.33 Utility functions of pdfTeX for LuaTeX (HO)
(/home/pau/.TinyTeX/texmf-dist/tex/generic/infwarerr/infwarerr.sty
Package: infwarerr 2019/12/03 v1.5 Providing info/warning/error messages (HO)
)
Package pdftexcmds Info: \pdf@primitive is available.
Package pdftexcmds Info: \pdf@ifprimitive is available.
Package pdftexcmds Info: \pdfdraftmode found.
) (/home/pau/.TinyTeX/texmf-dist/tex/latex/kvsetkeys/kvsetkeys.sty
Package: kvsetkeys 2022-10-05 v1.19 Key value parser (HO)
) (/home/pau/.TinyTeX/texmf-dist/tex/generic/kvdefinekeys/kvdefinekeys.sty
Package: kvdefinekeys 2019-12-19 v1.6 Define keys (HO)
) (/home/pau/.TinyTeX/texmf-dist/tex/generic/pdfescape/pdfescape.sty
Package: pdfescape 2019/12/09 v1.15 Implements pdfTeX's escape features (HO)
) (/home/pau/.TinyTeX/texmf-dist/tex/latex/hycolor/hycolor.sty
Package: hycolor 2020-01-27 v1.10 Color options for hyperref/bookmark (HO)
) (/home/pau/.TinyTeX/texmf-dist/tex/latex/letltxmacro/letltxmacro.sty
Package: letltxmacro 2019/12/03 v1.6 Let assignment for LaTeX macros (HO)
) (/home/pau/.TinyTeX/texmf-dist/tex/latex/auxhook/auxhook.sty
Package: auxhook 2019-12-17 v1.6 Hooks for auxiliary files (HO)
) (/home/pau/.TinyTeX/texmf-dist/tex/latex/hyperref/nameref.sty
Package: nameref 2022-05-17 v2.50 Cross-referencing by name of section
(/home/pau/.TinyTeX/texmf-dist/tex/latex/refcount/refcount.sty
Package: refcount 2019/12/15 v3.6 Data extraction from label references (HO)
) (/home/pau/.TinyTeX/texmf-dist/tex/generic/gettitlestring/gettitlestring.sty
Package: gettitlestring 2019/12/15 v1.6 Cleanup title references (HO)
(/home/pau/.TinyTeX/texmf-dist/tex/latex/kvoptions/kvoptions.sty
Package: kvoptions 2022-06-15 v3.15 Key value format for package options (HO)
))
\c@section@level=\count287
)
\@linkdim=\dimen175
\Hy@linkcounter=\count288
\Hy@pagecounter=\count289
(/home/pau/.TinyTeX/texmf-dist/tex/latex/hyperref/pd1enc.def
File: pd1enc.def 2023-02-07 v7.00v Hyperref: PDFDocEncoding definition (HO)
Now handling font encoding PD1 ...
... no UTF-8 mapping file for font encoding PD1
) (/home/pau/.TinyTeX/texmf-dist/tex/generic/intcalc/intcalc.sty
Package: intcalc 2019/12/15 v1.3 Expandable calculations with integers (HO)
) (/home/pau/.TinyTeX/texmf-dist/tex/generic/etexcmds/etexcmds.sty
Package: etexcmds 2019/12/15 v1.7 Avoid name clashes with e-TeX commands (HO)
)
\Hy@SavedSpaceFactor=\count290
(/home/pau/.TinyTeX/texmf-dist/tex/latex/hyperref/puenc.def
File: puenc.def 2023-02-07 v7.00v Hyperref: PDF Unicode definition (HO)
Now handling font encoding PU ...
... no UTF-8 mapping file for font encoding PU
)
Package hyperref Info: Option `unicode' set `true' on input line 4060.
Package hyperref Info: Hyper figures OFF on input line 4177.
Package hyperref Info: Link nesting OFF on input line 4182.
Package hyperref Info: Hyper index ON on input line 4185.
Package hyperref Info: Plain pages OFF on input line 4192.
Package hyperref Info: Backreferencing OFF on input line 4197.
Package hyperref Info: Implicit mode ON; LaTeX internals redefined.
Package hyperref Info: Bookmarks ON on input line 4425.
\c@Hy@tempcnt=\count291
(/home/pau/.TinyTeX/texmf-dist/tex/latex/url/url.sty
\Urlmuskip=\muskip17
Package: url 2013/09/16  ver 3.4  Verb mode for urls, etc.
)
LaTeX Info: Redefining \url on input line 4763.
\XeTeXLinkMargin=\dimen176
(/home/pau/.TinyTeX/texmf-dist/tex/generic/bitset/bitset.sty
Package: bitset 2019/12/09 v1.3 Handle bit-vector datatype (HO)
(/home/pau/.TinyTeX/texmf-dist/tex/generic/bigintcalc/bigintcalc.sty
Package: bigintcalc 2019/12/15 v1.5 Expandable calculations on big integers (HO)
))
\Fld@menulength=\count292
\Field@Width=\dimen177
\Fld@charsize=\dimen178
Package hyperref Info: Hyper figures OFF on input line 6042.
Package hyperref Info: Link nesting OFF on input line 6047.
Package hyperref Info: Hyper index ON on input line 6050.
Package hyperref Info: backreferencing OFF on input line 6057.
Package hyperref Info: Link coloring OFF on input line 6062.
Package hyperref Info: Link coloring with OCG OFF on input line 6067.
Package hyperref Info: PDF/A mode OFF on input line 6072.
(/home/pau/.TinyTeX/texmf-dist/tex/latex/base/atbegshi-ltx.sty
Package: atbegshi-ltx 2021/01/10 v1.0c Emulation of the original atbegshi
package with kernel methods
)
\Hy@abspage=\count293
\c@Item=\count294
\c@Hfootnote=\count295
)
Package hyperref Info: Driver (autodetected): hpdftex.
(/home/pau/.TinyTeX/texmf-dist/tex/latex/hyperref/hpdftex.def
File: hpdftex.def 2023-02-07 v7.00v Hyperref driver for pdfTeX
(/home/pau/.TinyTeX/texmf-dist/tex/latex/base/atveryend-ltx.sty
Package: atveryend-ltx 2020/08/19 v1.0a Emulation of the original atveryend package
with kernel methods
)
\Fld@listcount=\count296
\c@bookmark@seq@number=\count297
(/home/pau/.TinyTeX/texmf-dist/tex/latex/rerunfilecheck/rerunfilecheck.sty
Package: rerunfilecheck 2022-07-10 v1.10 Rerun checks for auxiliary files (HO)
(/home/pau/.TinyTeX/texmf-dist/tex/generic/uniquecounter/uniquecounter.sty
Package: uniquecounter 2019/12/15 v1.4 Provide unlimited unique counter (HO)
)
Package uniquecounter Info: New unique counter `rerunfilecheck' on input line 285.
)
\Hy@SectionHShift=\skip63
) (/home/pau/.TinyTeX/texmf-dist/tex/latex/l3backend/l3backend-pdftex.def
File: l3backend-pdftex.def 2023-01-16 L3 backend support: PDF output (pdfTeX)
\l__color_backend_stack_int=\count298
\l__pdf_internal_box=\box62
)
No file Entrega2.aux.
\openout1 = `Entrega2.aux'.

LaTeX Font Info:    Checking defaults for OML/cmm/m/it on input line 116.
LaTeX Font Info:    ... okay on input line 116.
LaTeX Font Info:    Checking defaults for OMS/cmsy/m/n on input line 116.
LaTeX Font Info:    ... okay on input line 116.
LaTeX Font Info:    Checking defaults for OT1/cmr/m/n on input line 116.
LaTeX Font Info:    ... okay on input line 116.
LaTeX Font Info:    Checking defaults for T1/cmr/m/n on input line 116.
LaTeX Font Info:    ... okay on input line 116.
LaTeX Font Info:    Checking defaults for TS1/cmr/m/n on input line 116.
LaTeX Font Info:    ... okay on input line 116.
LaTeX Font Info:    Checking defaults for OMX/cmex/m/n on input line 116.
LaTeX Font Info:    ... okay on input line 116.
LaTeX Font Info:    Checking defaults for U/cmr/m/n on input line 116.
LaTeX Font Info:    ... okay on input line 116.
LaTeX Font Info:    Checking defaults for PD1/pdf/m/n on input line 116.
LaTeX Font Info:    ... okay on input line 116.
LaTeX Font Info:    Checking defaults for PU/pdf/m/n on input line 116.
LaTeX Font Info:    ... okay on input line 116.
(/home/pau/.TinyTeX/texmf-dist/tex/latex/epstopdf-pkg/epstopdf-base.sty
Package: epstopdf-base 2020-01-24 v2.11 Base part for package epstopdf
Package epstopdf-base Info: Redefining graphics rule for `.eps' on input line 485.
(/home/pau/.TinyTeX/texmf-dist/tex/latex/latexconfig/epstopdf-sys.cfg
File: epstopdf-sys.cfg 2010/07/13 v1.3 Configuration of (r)epstopdf for TeX Live
))
Package hyperref Info: Link coloring OFF on input line 116.
\@outlinefile=\write4
\openout4 = `Entrega2.out'.

No file Entrega2.toc.
\tf@toc=\write5
\openout5 = `Entrega2.toc'.


Package longtable Warning: Column widths have changed
(longtable)                in table 1 on input line 142.

LaTeX Font Info:    Trying to load font information for T1+lmtt on input line 150.
(/home/pau/.TinyTeX/texmf-dist/tex/latex/lm/t1lmtt.fd
File: t1lmtt.fd 2015/05/01 v1.6.1 Font defs for Latin Modern
) [1

{/home/pau/.TinyTeX/texmf-var/fonts/map/pdftex/updmap/pdftex.map}]
Overfull \hbox (43.49887pt too wide) in paragraph at lines 192--192
[]\T1/lmtt/m/n/10 ##   extr.curt  molt.curta       curta      normal      llarga molt.llarga[] 
 []


Overfull \hbox (43.49887pt too wide) in paragraph at lines 192--192
[]\T1/lmtt/m/n/10 ##           8          59         124        2128        2001         652[] 
 []


Underfull \hbox (badness 2189) in paragraph at lines 198--200
\T1/lmr/m/n/10 Realitzarem l'anàlisis per la tar-get (du-ra-tion_fact) i per les vari-ables
 []


Overfull \hbox (74.99878pt too wide) in paragraph at lines 233--233
[]\T1/lmtt/m/n/10 ## duration_fact admin. blue-collar management self-employed services technician[] 
 []


Overfull \hbox (74.99878pt too wide) in paragraph at lines 233--233
[]\T1/lmtt/m/n/10 ##   extr.curt        3           3          1             0        0          1[] 
 []


Overfull \hbox (74.99878pt too wide) in paragraph at lines 233--233
[]\T1/lmtt/m/n/10 ##   molt.curta      14          22          5             1        6          6[] 
 []


Overfull \hbox (74.99878pt too wide) in paragraph at lines 233--233
[]\T1/lmtt/m/n/10 ##   curta           25          44          5             9       11         18[] 
 []


Overfull \hbox (74.99878pt too wide) in paragraph at lines 233--233
[]\T1/lmtt/m/n/10 ##   normal         468         549        168           143      227        317[] 
 []


Overfull \hbox (74.99878pt too wide) in paragraph at lines 233--233
[]\T1/lmtt/m/n/10 ##   llarga         488         492        151           145      220        313[] 
 []


Overfull \hbox (74.99878pt too wide) in paragraph at lines 233--233
[]\T1/lmtt/m/n/10 ##   molt.llarga    166         171         48            52       65         95[] 
 []


Overfull \hbox (74.99878pt too wide) in paragraph at lines 233--233
[]\T1/lmtt/m/n/10 ##   extr.llarga      5          11          1             2        1          6[] 
 []

[2]
<Entrega2_files/figure-latex/unnamed-chunk-4-1.pdf, id=29, 469.755pt x 325.215pt>
File: Entrega2_files/figure-latex/unnamed-chunk-4-1.pdf Graphic file (type pdf)
<use Entrega2_files/figure-latex/unnamed-chunk-4-1.pdf>
Package pdftex.def Info: Entrega2_files/figure-latex/unnamed-chunk-4-1.pdf  used on input line 250.
(pdftex.def)             Requested size: 344.997pt x 238.84406pt.
[3 <./Entrega2_files/figure-latex/unnamed-chunk-4-1.pdf>]
<Entrega2_files/figure-latex/unnamed-chunk-5-1.pdf, id=40, 469.755pt x 325.215pt>
File: Entrega2_files/figure-latex/unnamed-chunk-5-1.pdf Graphic file (type pdf)
<use Entrega2_files/figure-latex/unnamed-chunk-5-1.pdf>
Package pdftex.def Info: Entrega2_files/figure-latex/unnamed-chunk-5-1.pdf  used on input line 290.
(pdftex.def)             Requested size: 344.997pt x 238.84406pt.
[4 <./Entrega2_files/figure-latex/unnamed-chunk-5-1.pdf>]
<Entrega2_files/figure-latex/unnamed-chunk-7-1.pdf, id=53, 469.755pt x 325.215pt>
File: Entrega2_files/figure-latex/unnamed-chunk-7-1.pdf Graphic file (type pdf)
<use Entrega2_files/figure-latex/unnamed-chunk-7-1.pdf>
Package pdftex.def Info: Entrega2_files/figure-latex/unnamed-chunk-7-1.pdf  used on input line 356.
(pdftex.def)             Requested size: 344.997pt x 238.84406pt.
[5 <./Entrega2_files/figure-latex/unnamed-chunk-7-1.pdf>]
<Entrega2_files/figure-latex/unnamed-chunk-8-1.pdf, id=63, 469.755pt x 325.215pt>
File: Entrega2_files/figure-latex/unnamed-chunk-8-1.pdf Graphic file (type pdf)
<use Entrega2_files/figure-latex/unnamed-chunk-8-1.pdf>
Package pdftex.def Info: Entrega2_files/figure-latex/unnamed-chunk-8-1.pdf  used on input line 396.
(pdftex.def)             Requested size: 344.997pt x 238.84406pt.
[6 <./Entrega2_files/figure-latex/unnamed-chunk-8-1.pdf>]
Overfull \hbox (53.99884pt too wide) in paragraph at lines 523--523
[]\T1/lmtt/m/n/10 ## MCA(X = df[, c(var_res, var_dis[1:11])], ind.sup = llmout, quali.sup = 1,[] 
 []


Overfull \hbox (69.7488pt too wide) in paragraph at lines 523--523
[]\T1/lmtt/m/n/10 ##                        Dim.1   Dim.2   Dim.3   Dim.4   Dim.5   Dim.6   Dim.7[] 
 []


Overfull \hbox (69.7488pt too wide) in paragraph at lines 523--523
[]\T1/lmtt/m/n/10 ## Variance               0.216   0.175   0.147   0.142   0.135   0.122   0.115[] 
 []


Overfull \hbox (69.7488pt too wide) in paragraph at lines 523--523
[]\T1/lmtt/m/n/10 ## % of var.              7.200   5.838   4.900   4.740   4.493   4.076   3.848[] 
 []


Overfull \hbox (69.7488pt too wide) in paragraph at lines 523--523
[]\T1/lmtt/m/n/10 ## Cumulative % of var.   7.200  13.037  17.938  22.678  27.171  31.248  35.095[] 
 []


Overfull \hbox (69.7488pt too wide) in paragraph at lines 523--523
[]\T1/lmtt/m/n/10 ##                        Dim.8   Dim.9  Dim.10  Dim.11  Dim.12  Dim.13  Dim.14[] 
 []


Overfull \hbox (69.7488pt too wide) in paragraph at lines 523--523
[]\T1/lmtt/m/n/10 ## Variance               0.107   0.102   0.099   0.098   0.096   0.095   0.094[] 
 []


Overfull \hbox (69.7488pt too wide) in paragraph at lines 523--523
[]\T1/lmtt/m/n/10 ## % of var.              3.574   3.416   3.316   3.279   3.197   3.151   3.117[] 
 []


Overfull \hbox (69.7488pt too wide) in paragraph at lines 523--523
[]\T1/lmtt/m/n/10 ## Cumulative % of var.  38.669  42.085  45.401  48.680  51.877  55.028  58.145[] 
 []


Overfull \hbox (69.7488pt too wide) in paragraph at lines 523--523
[]\T1/lmtt/m/n/10 ##                       Dim.15  Dim.16  Dim.17  Dim.18  Dim.19  Dim.20  Dim.21[] 
 []


Overfull \hbox (69.7488pt too wide) in paragraph at lines 523--523
[]\T1/lmtt/m/n/10 ## Variance               0.092   0.091   0.090   0.088   0.087   0.084   0.082[] 
 []

[7]
Overfull \hbox (69.7488pt too wide) in paragraph at lines 523--523
[]\T1/lmtt/m/n/10 ## % of var.              3.077   3.034   2.989   2.934   2.884   2.815   2.724[] 
 []


Overfull \hbox (69.7488pt too wide) in paragraph at lines 523--523
[]\T1/lmtt/m/n/10 ## Cumulative % of var.  61.222  64.257  67.246  70.180  73.064  75.879  78.603[] 
 []


Overfull \hbox (69.7488pt too wide) in paragraph at lines 523--523
[]\T1/lmtt/m/n/10 ##                       Dim.22  Dim.23  Dim.24  Dim.25  Dim.26  Dim.27  Dim.28[] 
 []


Overfull \hbox (69.7488pt too wide) in paragraph at lines 523--523
[]\T1/lmtt/m/n/10 ## Variance               0.081   0.080   0.077   0.076   0.068   0.060   0.055[] 
 []


Overfull \hbox (69.7488pt too wide) in paragraph at lines 523--523
[]\T1/lmtt/m/n/10 ## % of var.              2.688   2.677   2.582   2.538   2.266   2.001   1.831[] 
 []


Overfull \hbox (69.7488pt too wide) in paragraph at lines 523--523
[]\T1/lmtt/m/n/10 ## Cumulative % of var.  81.291  83.968  86.550  89.088  91.354  93.355  95.186[] 
 []


Overfull \hbox (53.99884pt too wide) in paragraph at lines 523--523
[]\T1/lmtt/m/n/10 ##                   Dim.1     ctr    cos2  v.test     Dim.2     ctr    cos2[] 
 []


Overfull \hbox (53.99884pt too wide) in paragraph at lines 523--523
[]\T1/lmtt/m/n/10 ## Jove          |   0.877   1.101   0.027  11.565 |  -0.711   0.892   0.018[] 
 []


Overfull \hbox (53.99884pt too wide) in paragraph at lines 523--523
[]\T1/lmtt/m/n/10 ## Jove-Adult    |   0.038   0.042   0.003   3.964 |  -0.058   0.119   0.007[] 
 []


Overfull \hbox (53.99884pt too wide) in paragraph at lines 523--523
[]\T1/lmtt/m/n/10 ## Adult         |  -0.239   0.662   0.022 -10.349 |   0.244   0.851   0.023[] 
 []


Overfull \hbox (53.99884pt too wide) in paragraph at lines 523--523
[]\T1/lmtt/m/n/10 ## Gran          |   1.597   0.652   0.016   8.772 |  -0.551   0.096   0.002[] 
 []


Overfull \hbox (53.99884pt too wide) in paragraph at lines 523--523
[]\T1/lmtt/m/n/10 ## admin.        |   0.438   1.896   0.059  17.051 |  -0.458   2.554   0.064[] 
 []


Overfull \hbox (53.99884pt too wide) in paragraph at lines 523--523
[]\T1/lmtt/m/n/10 ## blue-collar   |  -0.667   4.847   0.155 -27.700 |   0.674   6.101   0.159[] 
 []


Overfull \hbox (53.99884pt too wide) in paragraph at lines 523--523
[]\T1/lmtt/m/n/10 ## management    |   0.132   0.056   0.001   2.664 |  -0.397   0.621   0.013[] 
 []


Overfull \hbox (53.99884pt too wide) in paragraph at lines 523--523
[]\T1/lmtt/m/n/10 ## self-employed |   0.111   0.036   0.001   2.140 |  -0.222   0.180   0.004[] 
 []


Overfull \hbox (53.99884pt too wide) in paragraph at lines 523--523
[]\T1/lmtt/m/n/10 ## services      |  -0.192   0.165   0.004  -4.650 |   0.020   0.002   0.000[] 
 []


Overfull \hbox (53.99884pt too wide) in paragraph at lines 523--523
[]\T1/lmtt/m/n/10 ## technician    |   0.362   0.838   0.023  10.764 |  -0.129   0.131   0.003[] 
 []


Overfull \hbox (53.99884pt too wide) in paragraph at lines 523--523
[]\T1/lmtt/m/n/10 ## unemployed    |   0.170   0.125   0.003   4.036 |  -0.036   0.007   0.000[] 
 []


Overfull \hbox (53.99884pt too wide) in paragraph at lines 523--523
[]\T1/lmtt/m/n/10 ## divorced      |   0.010   0.000   0.000   0.235 |  -0.179   0.175   0.004[] 
 []

[8]
Overfull \hbox (64.49881pt too wide) in paragraph at lines 523--523
[]\T1/lmtt/m/n/10 ##                   Dim.1    cos2  v.test     Dim.2    cos2  v.test     Dim.3[] 
 []


Overfull \hbox (64.49881pt too wide) in paragraph at lines 523--523
[]\T1/lmtt/m/n/10 ## y_no          |  -0.585   0.375 -43.036 |   0.192   0.040  14.131 |  -0.241[] 
 []


Overfull \hbox (64.49881pt too wide) in paragraph at lines 523--523
[]\T1/lmtt/m/n/10 ## y_yes         |   0.641   0.375  43.036 |  -0.210   0.040 -14.131 |   0.264[] 
 []

<Entrega2_files/figure-latex/unnamed-chunk-10-1.pdf, id=89, 469.755pt x 325.215pt>
File: Entrega2_files/figure-latex/unnamed-chunk-10-1.pdf Graphic file (type pdf)
<use Entrega2_files/figure-latex/unnamed-chunk-10-1.pdf>
Package pdftex.def Info: Entrega2_files/figure-latex/unnamed-chunk-10-1.pdf  used on input line 562.
(pdftex.def)             Requested size: 344.997pt x 238.84406pt.
[9]
Overfull \hbox (64.49881pt too wide) in paragraph at lines 615--615
[]\T1/lmtt/m/n/10 ##         eigenvalue percentage of variance cumulative percentage of variance[] 
 []


Overfull \hbox (64.49881pt too wide) in paragraph at lines 615--615
[]\T1/lmtt/m/n/10 ## dim 1  0.215985532              7.1995177                          7.199518[] 
 []


Overfull \hbox (64.49881pt too wide) in paragraph at lines 615--615
[]\T1/lmtt/m/n/10 ## dim 2  0.175136654              5.8378885                         13.037406[] 
 []


Overfull \hbox (64.49881pt too wide) in paragraph at lines 615--615
[]\T1/lmtt/m/n/10 ## dim 3  0.147012791              4.9004264                         17.937833[] 
 []


Overfull \hbox (64.49881pt too wide) in paragraph at lines 615--615
[]\T1/lmtt/m/n/10 ## dim 4  0.142213865              4.7404622                         22.678295[] 
 []


Overfull \hbox (64.49881pt too wide) in paragraph at lines 615--615
[]\T1/lmtt/m/n/10 ## dim 5  0.134796116              4.4932039                         27.171499[] 
 []


Overfull \hbox (64.49881pt too wide) in paragraph at lines 615--615
[]\T1/lmtt/m/n/10 ## dim 6  0.122285019              4.0761673                         31.247666[] 
 []


Overfull \hbox (64.49881pt too wide) in paragraph at lines 615--615
[]\T1/lmtt/m/n/10 ## dim 7  0.115427448              3.8475816                         35.095247[] 
 []


Overfull \hbox (64.49881pt too wide) in paragraph at lines 615--615
[]\T1/lmtt/m/n/10 ## dim 8  0.107226255              3.5742085                         38.669456[] 
 []


Overfull \hbox (64.49881pt too wide) in paragraph at lines 615--615
[]\T1/lmtt/m/n/10 ## dim 9  0.102473603              3.4157868                         42.085243[] 
 []


Overfull \hbox (64.49881pt too wide) in paragraph at lines 615--615
[]\T1/lmtt/m/n/10 ## dim 10 0.099474533              3.3158178                         45.401061[] 
 []


Overfull \hbox (64.49881pt too wide) in paragraph at lines 615--615
[]\T1/lmtt/m/n/10 ## dim 11 0.098357758              3.2785919                         48.679652[] 
 []


Overfull \hbox (64.49881pt too wide) in paragraph at lines 615--615
[]\T1/lmtt/m/n/10 ## dim 12 0.095920509              3.1973503                         51.877003[] 
 []


Overfull \hbox (64.49881pt too wide) in paragraph at lines 615--615
[]\T1/lmtt/m/n/10 ## dim 13 0.094527756              3.1509252                         55.027928[] 
 []


Overfull \hbox (64.49881pt too wide) in paragraph at lines 615--615
[]\T1/lmtt/m/n/10 ## dim 14 0.093515471              3.1171824                         58.145110[] 
 []


Overfull \hbox (64.49881pt too wide) in paragraph at lines 615--615
[]\T1/lmtt/m/n/10 ## dim 15 0.092316196              3.0772065                         61.222317[] 
 []


Overfull \hbox (64.49881pt too wide) in paragraph at lines 615--615
[]\T1/lmtt/m/n/10 ## dim 16 0.091028857              3.0342952                         64.256612[] 
 []

[10 <./Entrega2_files/figure-latex/unnamed-chunk-10-1.pdf>]
Overfull \hbox (64.49881pt too wide) in paragraph at lines 615--615
[]\T1/lmtt/m/n/10 ## dim 17 0.089676076              2.9892025                         67.245815[] 
 []


Overfull \hbox (64.49881pt too wide) in paragraph at lines 615--615
[]\T1/lmtt/m/n/10 ## dim 18 0.088030654              2.9343551                         70.180170[] 
 []


Overfull \hbox (64.49881pt too wide) in paragraph at lines 615--615
[]\T1/lmtt/m/n/10 ## dim 19 0.086521870              2.8840623                         73.064232[] 
 []


Overfull \hbox (64.49881pt too wide) in paragraph at lines 615--615
[]\T1/lmtt/m/n/10 ## dim 20 0.084453327              2.8151109                         75.879343[] 
 []


Overfull \hbox (64.49881pt too wide) in paragraph at lines 615--615
[]\T1/lmtt/m/n/10 ## dim 21 0.081712085              2.7237362                         78.603079[] 
 []


Overfull \hbox (64.49881pt too wide) in paragraph at lines 615--615
[]\T1/lmtt/m/n/10 ## dim 22 0.080640389              2.6880130                         81.291092[] 
 []


Overfull \hbox (64.49881pt too wide) in paragraph at lines 615--615
[]\T1/lmtt/m/n/10 ## dim 23 0.080312899              2.6770966                         83.968189[] 
 []


Overfull \hbox (64.49881pt too wide) in paragraph at lines 615--615
[]\T1/lmtt/m/n/10 ## dim 24 0.077456392              2.5818797                         86.550068[] 
 []


Overfull \hbox (64.49881pt too wide) in paragraph at lines 615--615
[]\T1/lmtt/m/n/10 ## dim 25 0.076140285              2.5380095                         89.088078[] 
 []


Overfull \hbox (64.49881pt too wide) in paragraph at lines 615--615
[]\T1/lmtt/m/n/10 ## dim 26 0.067968101              2.2656034                         91.353681[] 
 []


Overfull \hbox (64.49881pt too wide) in paragraph at lines 615--615
[]\T1/lmtt/m/n/10 ## dim 27 0.060034342              2.0011447                         93.354826[] 
 []


Overfull \hbox (64.49881pt too wide) in paragraph at lines 615--615
[]\T1/lmtt/m/n/10 ## dim 28 0.054925787              1.8308596                         95.185686[] 
 []


Overfull \hbox (64.49881pt too wide) in paragraph at lines 615--615
[]\T1/lmtt/m/n/10 ## dim 29 0.049820820              1.6606940                         96.846380[] 
 []


Overfull \hbox (64.49881pt too wide) in paragraph at lines 615--615
[]\T1/lmtt/m/n/10 ## dim 30 0.042831485              1.4277162                         98.274096[] 
 []


Overfull \hbox (64.49881pt too wide) in paragraph at lines 615--615
[]\T1/lmtt/m/n/10 ## dim 31 0.030266658              1.0088886                         99.282984[] 
 []


Overfull \hbox (64.49881pt too wide) in paragraph at lines 615--615
[]\T1/lmtt/m/n/10 ## dim 32 0.019421634              0.6473878                         99.930372[] 
 []


Overfull \hbox (64.49881pt too wide) in paragraph at lines 615--615
[]\T1/lmtt/m/n/10 ## dim 33 0.002088834              0.0696278                        100.000000[] 
 []

<Entrega2_files/figure-latex/unnamed-chunk-11-1.pdf, id=106, 469.755pt x 325.215pt>
File: Entrega2_files/figure-latex/unnamed-chunk-11-1.pdf Graphic file (type pdf)
<use Entrega2_files/figure-latex/unnamed-chunk-11-1.pdf>
Package pdftex.def Info: Entrega2_files/figure-latex/unnamed-chunk-11-1.pdf  used on input line 625.
(pdftex.def)             Requested size: 344.997pt x 238.84406pt.
[11 <./Entrega2_files/figure-latex/unnamed-chunk-11-1.pdf>]
<Entrega2_files/figure-latex/unnamed-chunk-12-1.pdf, id=116, 469.755pt x 325.215pt>
File: Entrega2_files/figure-latex/unnamed-chunk-12-1.pdf Graphic file (type pdf)
<use Entrega2_files/figure-latex/unnamed-chunk-12-1.pdf>
Package pdftex.def Info: Entrega2_files/figure-latex/unnamed-chunk-12-1.pdf  used on input line 645.
(pdftex.def)             Requested size: 344.997pt x 238.84406pt.
LaTeX Font Info:    Trying to load font information for TS1+lmtt on input line 660.
(/home/pau/.TinyTeX/texmf-dist/tex/latex/lm/ts1lmtt.fd
File: ts1lmtt.fd 2015/05/01 v1.6.1 Font defs for Latin Modern
)
Overfull \hbox (43.49887pt too wide) in paragraph at lines 670--670
[]\T1/lmtt/m/n/10 ##    30418    30140    30419    30208    30189    29511    30150    30315[] 
 []

[12 <./Entrega2_files/figure-latex/unnamed-chunk-12-1.pdf>]
Overfull \hbox (43.49887pt too wide) in paragraph at lines 670--670
[]\T1/lmtt/m/n/10 ## 2.609911 2.595063 2.570233 2.533980 2.522024 2.506387 2.488380 2.463199[] 
 []


Overfull \hbox (43.49887pt too wide) in paragraph at lines 724--724
[]\T1/lmtt/m/n/10 ##              age           job marital           education housing loan[] 
 []


Overfull \hbox (43.49887pt too wide) in paragraph at lines 724--724
[]\T1/lmtt/m/n/10 ## 30189 Jove-Adult        admin.  single         high.school     yes   no[] 
 []


Overfull \hbox (43.49887pt too wide) in paragraph at lines 724--724
[]\T1/lmtt/m/n/10 ## 30315 Jove-Adult        admin. married   university.degree     yes   no[] 
 []


Overfull \hbox (43.49887pt too wide) in paragraph at lines 724--724
[]\T1/lmtt/m/n/10 ## 30208 Jove-Adult    technician  single professional.course     yes   no[] 
 []


Overfull \hbox (43.49887pt too wide) in paragraph at lines 724--724
[]\T1/lmtt/m/n/10 ## 30244 Jove-Adult    technician married professional.course     yes  yes[] 
 []


Overfull \hbox (43.49887pt too wide) in paragraph at lines 724--724
[]\T1/lmtt/m/n/10 ## 30419 Jove-Adult self-employed  single   university.degree     yes  yes[] 
 []


Overfull \hbox (43.49887pt too wide) in paragraph at lines 724--724
[]\T1/lmtt/m/n/10 ## 30150      Adult        admin.  single   university.degree      no   no[] 
 []


Overfull \hbox (43.49887pt too wide) in paragraph at lines 724--724
[]\T1/lmtt/m/n/10 ## 30140 Jove-Adult    technician  single   university.degree     yes   no[] 
 []


Overfull \hbox (43.49887pt too wide) in paragraph at lines 724--724
[]\T1/lmtt/m/n/10 ## 30185 Jove-Adult        admin.  single         high.school      no   no[] 
 []


Overfull \hbox (43.49887pt too wide) in paragraph at lines 724--724
[]\T1/lmtt/m/n/10 ## 30418 Jove-Adult        admin.  single   university.degree     yes   no[] 
 []


Overfull \hbox (43.49887pt too wide) in paragraph at lines 724--724
[]\T1/lmtt/m/n/10 ## 29511 Jove-Adult        admin.  single   university.degree     yes   no[] 
 []


Overfull \hbox (27.74892pt too wide) in paragraph at lines 724--724
[]\T1/lmtt/m/n/10 ##        contact month day_of_week duration campaign previous poutcome[] 
 []


Overfull \hbox (27.74892pt too wide) in paragraph at lines 724--724
[]\T1/lmtt/m/n/10 ## 30189 cellular   apr         thu      354        1      Yes  success[] 
 []


Overfull \hbox (27.74892pt too wide) in paragraph at lines 724--724
[]\T1/lmtt/m/n/10 ## 30315 cellular   apr         thu      483        1      Yes  success[] 
 []


Overfull \hbox (27.74892pt too wide) in paragraph at lines 724--724
[]\T1/lmtt/m/n/10 ## 30208 cellular   apr         thu      218        1      Yes  success[] 
 []


Overfull \hbox (27.74892pt too wide) in paragraph at lines 724--724
[]\T1/lmtt/m/n/10 ## 30244 cellular   apr         thu      266        2      Yes  success[] 
 []


Overfull \hbox (27.74892pt too wide) in paragraph at lines 724--724
[]\T1/lmtt/m/n/10 ## 30419 cellular   apr         thu      509        1      Yes  success[] 
 []


Overfull \hbox (27.74892pt too wide) in paragraph at lines 724--724
[]\T1/lmtt/m/n/10 ## 30150 cellular   apr         thu      494        1      Yes  success[] 
 []


Overfull \hbox (27.74892pt too wide) in paragraph at lines 724--724
[]\T1/lmtt/m/n/10 ## 30140 cellular   apr         thu      701        1      Yes  success[] 
 []


Overfull \hbox (27.74892pt too wide) in paragraph at lines 724--724
[]\T1/lmtt/m/n/10 ## 30185 cellular   apr         thu      252        1      Yes  success[] 
 []


Overfull \hbox (27.74892pt too wide) in paragraph at lines 724--724
[]\T1/lmtt/m/n/10 ## 30418 cellular   apr         thu      502        1      Yes  success[] 
 []


Overfull \hbox (27.74892pt too wide) in paragraph at lines 724--724
[]\T1/lmtt/m/n/10 ## 29511 cellular   apr         mon      670        4      Yes  success[] 
 []


Overfull \hbox (53.99884pt too wide) in paragraph at lines 724--724
[]\T1/lmtt/m/n/10 ##       emp.var.rate cons.price.idx cons.conf.idx euribor3m nr.employed   y[] 
 []


Overfull \hbox (53.99884pt too wide) in paragraph at lines 724--724
[]\T1/lmtt/m/n/10 ## 30189         -1.8         93.075         -47.1     1.365      5099.1 yes[] 
 []


Overfull \hbox (53.99884pt too wide) in paragraph at lines 724--724
[]\T1/lmtt/m/n/10 ## 30315         -1.8         93.075         -47.1     1.365      5099.1 yes[] 
 []


Overfull \hbox (53.99884pt too wide) in paragraph at lines 724--724
[]\T1/lmtt/m/n/10 ## 30208         -1.8         93.075         -47.1     1.365      5099.1 yes[] 
 []


Overfull \hbox (53.99884pt too wide) in paragraph at lines 724--724
[]\T1/lmtt/m/n/10 ## 30244         -1.8         93.075         -47.1     1.365      5099.1 yes[] 
 []


Overfull \hbox (53.99884pt too wide) in paragraph at lines 724--724
[]\T1/lmtt/m/n/10 ## 30419         -1.8         93.075         -47.1     1.365      5099.1 yes[] 
 []


Overfull \hbox (53.99884pt too wide) in paragraph at lines 724--724
[]\T1/lmtt/m/n/10 ## 30150         -1.8         93.075         -47.1     1.365      5099.1 yes[] 
 []


Overfull \hbox (53.99884pt too wide) in paragraph at lines 724--724
[]\T1/lmtt/m/n/10 ## 30140         -1.8         93.075         -47.1     1.365      5099.1 yes[] 
 []


Overfull \hbox (53.99884pt too wide) in paragraph at lines 724--724
[]\T1/lmtt/m/n/10 ## 30185         -1.8         93.075         -47.1     1.365      5099.1 yes[] 
 []


Overfull \hbox (53.99884pt too wide) in paragraph at lines 724--724
[]\T1/lmtt/m/n/10 ## 30418         -1.8         93.075         -47.1     1.365      5099.1 yes[] 
 []


Overfull \hbox (53.99884pt too wide) in paragraph at lines 724--724
[]\T1/lmtt/m/n/10 ## 29511         -1.8         93.075         -47.1     1.405      5099.1 yes[] 
 []

[13]
Overfull \hbox (43.49887pt too wide) in paragraph at lines 740--740
[]\T1/lmtt/m/n/10 ##    30596    34731    32721    33383    30473    28168    34408    34276[] 
 []


Overfull \hbox (43.49887pt too wide) in paragraph at lines 740--740
[]\T1/lmtt/m/n/10 ## 2.998819 2.937982 2.930081 2.909436 2.898307 2.882058 2.872351 2.854547[] 
 []


Overfull \hbox (64.49881pt too wide) in paragraph at lines 783--783
[]\T1/lmtt/m/n/10 ##              age         job marital education housing loan   contact month[] 
 []


Overfull \hbox (64.49881pt too wide) in paragraph at lines 783--783
[]\T1/lmtt/m/n/10 ## 28168 Jove-Adult blue-collar married     basic     yes   no telephone   apr[] 
 []


Overfull \hbox (64.49881pt too wide) in paragraph at lines 783--783
[]\T1/lmtt/m/n/10 ## 28677 Jove-Adult blue-collar married     basic      no   no  cellular   apr[] 
 []


Overfull \hbox (64.49881pt too wide) in paragraph at lines 783--783
[]\T1/lmtt/m/n/10 ## 32721      Adult blue-collar married     basic      no   no  cellular   may[] 
 []


Overfull \hbox (64.49881pt too wide) in paragraph at lines 783--783
[]\T1/lmtt/m/n/10 ## 34731      Adult blue-collar married     basic      no   no  cellular   may[] 
 []


Overfull \hbox (64.49881pt too wide) in paragraph at lines 783--783
[]\T1/lmtt/m/n/10 ## 30596      Adult blue-collar married     basic     yes   no telephone   may[] 
 []


Overfull \hbox (64.49881pt too wide) in paragraph at lines 783--783
[]\T1/lmtt/m/n/10 ## 35942 Jove-Adult blue-collar married     basic      no  yes  cellular   may[] 
 []


Overfull \hbox (64.49881pt too wide) in paragraph at lines 783--783
[]\T1/lmtt/m/n/10 ## 30473      Adult blue-collar married     basic     yes   no  cellular   may[] 
 []


Overfull \hbox (64.49881pt too wide) in paragraph at lines 783--783
[]\T1/lmtt/m/n/10 ## 34408 Jove-Adult blue-collar married     basic      no   no  cellular   may[] 
 []


Overfull \hbox (64.49881pt too wide) in paragraph at lines 783--783
[]\T1/lmtt/m/n/10 ## 33383      Adult blue-collar married     basic      no   no  cellular   may[] 
 []


Overfull \hbox (64.49881pt too wide) in paragraph at lines 783--783
[]\T1/lmtt/m/n/10 ## 34276 Jove-Adult blue-collar married     basic      no  yes  cellular   may[] 
 []


Overfull \hbox (17.24895pt too wide) in paragraph at lines 783--783
[]\T1/lmtt/m/n/10 ##       day_of_week duration campaign previous poutcome emp.var.rate[] 
 []


Overfull \hbox (17.24895pt too wide) in paragraph at lines 783--783
[]\T1/lmtt/m/n/10 ## 28168         mon     1353        2      Yes  success         -1.8[] 
 []


Overfull \hbox (17.24895pt too wide) in paragraph at lines 783--783
[]\T1/lmtt/m/n/10 ## 28677         thu      583        1      Yes  success         -1.8[] 
 []


Overfull \hbox (17.24895pt too wide) in paragraph at lines 783--783
[]\T1/lmtt/m/n/10 ## 32721         mon      474        1      Yes  success         -1.8[] 
 []


Overfull \hbox (17.24895pt too wide) in paragraph at lines 783--783
[]\T1/lmtt/m/n/10 ## 34731         thu      532        2      Yes  success         -1.8[] 
 []


Overfull \hbox (17.24895pt too wide) in paragraph at lines 783--783
[]\T1/lmtt/m/n/10 ## 30596         mon      483        4      Yes  success         -1.8[] 
 []


Overfull \hbox (17.24895pt too wide) in paragraph at lines 783--783
[]\T1/lmtt/m/n/10 ## 35942         mon      487        1      Yes  success         -1.8[] 
 []


Overfull \hbox (17.24895pt too wide) in paragraph at lines 783--783
[]\T1/lmtt/m/n/10 ## 30473         mon      293        3      Yes  success         -1.8[] 
 []


Overfull \hbox (17.24895pt too wide) in paragraph at lines 783--783
[]\T1/lmtt/m/n/10 ## 34408         thu      680        1      Yes  success         -1.8[] 
 []


Overfull \hbox (17.24895pt too wide) in paragraph at lines 783--783
[]\T1/lmtt/m/n/10 ## 33383         tue      309        1      Yes  success         -1.8[] 
 []


Overfull \hbox (17.24895pt too wide) in paragraph at lines 783--783
[]\T1/lmtt/m/n/10 ## 34276         thu      722        2      Yes  success         -1.8[] 
 []


Overfull \hbox (27.74892pt too wide) in paragraph at lines 783--783
[]\T1/lmtt/m/n/10 ##       cons.price.idx cons.conf.idx euribor3m nr.employed   y age_num[] 
 []


Overfull \hbox (27.74892pt too wide) in paragraph at lines 783--783
[]\T1/lmtt/m/n/10 ## 28168         93.075         -47.1     1.466      5099.1 yes      34[] 
 []


Overfull \hbox (27.74892pt too wide) in paragraph at lines 783--783
[]\T1/lmtt/m/n/10 ## 28677         93.075         -47.1     1.410      5099.1 yes      32[] 
 []


Overfull \hbox (27.74892pt too wide) in paragraph at lines 783--783
[]\T1/lmtt/m/n/10 ## 32721         92.893         -46.2     1.299      5099.1 yes      50[] 
 []

[14]
Overfull \hbox (27.74892pt too wide) in paragraph at lines 783--783
[]\T1/lmtt/m/n/10 ## 34731         92.893         -46.2     1.266      5099.1 yes      54[] 
 []


Overfull \hbox (27.74892pt too wide) in paragraph at lines 783--783
[]\T1/lmtt/m/n/10 ## 30596         92.893         -46.2     1.354      5099.1 yes      50[] 
 []


Overfull \hbox (27.74892pt too wide) in paragraph at lines 783--783
[]\T1/lmtt/m/n/10 ## 35942         92.893         -46.2     1.264      5099.1 yes      43[] 
 []


Overfull \hbox (27.74892pt too wide) in paragraph at lines 783--783
[]\T1/lmtt/m/n/10 ## 30473         92.893         -46.2     1.354      5099.1 yes      50[] 
 []


Overfull \hbox (27.74892pt too wide) in paragraph at lines 783--783
[]\T1/lmtt/m/n/10 ## 34408         92.893         -46.2     1.266      5099.1 yes      31[] 
 []


Overfull \hbox (27.74892pt too wide) in paragraph at lines 783--783
[]\T1/lmtt/m/n/10 ## 33383         92.893         -46.2     1.291      5099.1 yes      48[] 
 []


Overfull \hbox (27.74892pt too wide) in paragraph at lines 783--783
[]\T1/lmtt/m/n/10 ## 34276         92.893         -46.2     1.266      5099.1 yes      43[] 
 []

<Entrega2_files/figure-latex/unnamed-chunk-15-1.pdf, id=139, 469.755pt x 325.215pt>
File: Entrega2_files/figure-latex/unnamed-chunk-15-1.pdf Graphic file (type pdf)
<use Entrega2_files/figure-latex/unnamed-chunk-15-1.pdf>
Package pdftex.def Info: Entrega2_files/figure-latex/unnamed-chunk-15-1.pdf  used on input line 804.
(pdftex.def)             Requested size: 344.997pt x 238.84406pt.
[15 <./Entrega2_files/figure-latex/unnamed-chunk-15-1.pdf>]
<Entrega2_files/figure-latex/unnamed-chunk-16-1.pdf, id=153, 469.755pt x 325.215pt>
File: Entrega2_files/figure-latex/unnamed-chunk-16-1.pdf Graphic file (type pdf)
<use Entrega2_files/figure-latex/unnamed-chunk-16-1.pdf>
Package pdftex.def Info: Entrega2_files/figure-latex/unnamed-chunk-16-1.pdf  used on input line 818.
(pdftex.def)             Requested size: 344.997pt x 238.84406pt.
<Entrega2_files/figure-latex/unnamed-chunk-17-1.pdf, id=154, 469.755pt x 325.215pt>
File: Entrega2_files/figure-latex/unnamed-chunk-17-1.pdf Graphic file (type pdf)
<use Entrega2_files/figure-latex/unnamed-chunk-17-1.pdf>
Package pdftex.def Info: Entrega2_files/figure-latex/unnamed-chunk-17-1.pdf  used on input line 833.
(pdftex.def)             Requested size: 344.997pt x 238.84406pt.
[16 <./Entrega2_files/figure-latex/unnamed-chunk-16-1.pdf>]
<Entrega2_files/figure-latex/unnamed-chunk-18-1.pdf, id=165, 469.755pt x 325.215pt>
File: Entrega2_files/figure-latex/unnamed-chunk-18-1.pdf Graphic file (type pdf)
<use Entrega2_files/figure-latex/unnamed-chunk-18-1.pdf>
Package pdftex.def Info: Entrega2_files/figure-latex/unnamed-chunk-18-1.pdf  used on input line 857.
(pdftex.def)             Requested size: 344.997pt x 238.84406pt.
[17 <./Entrega2_files/figure-latex/unnamed-chunk-17-1.pdf>]
<Entrega2_files/figure-latex/unnamed-chunk-18-2.pdf, id=201, 469.755pt x 325.215pt>
File: Entrega2_files/figure-latex/unnamed-chunk-18-2.pdf Graphic file (type pdf)
<use Entrega2_files/figure-latex/unnamed-chunk-18-2.pdf>
Package pdftex.def Info: Entrega2_files/figure-latex/unnamed-chunk-18-2.pdf  used on input line 869.
(pdftex.def)             Requested size: 344.997pt x 238.84406pt.
[18 <./Entrega2_files/figure-latex/unnamed-chunk-18-1.pdf>]
<Entrega2_files/figure-latex/unnamed-chunk-18-3.pdf, id=211, 469.755pt x 325.215pt>
File: Entrega2_files/figure-latex/unnamed-chunk-18-3.pdf Graphic file (type pdf)
<use Entrega2_files/figure-latex/unnamed-chunk-18-3.pdf>
Package pdftex.def Info: Entrega2_files/figure-latex/unnamed-chunk-18-3.pdf  used on input line 881.
(pdftex.def)             Requested size: 344.997pt x 238.84406pt.
[19 <./Entrega2_files/figure-latex/unnamed-chunk-18-2.pdf>] [20 <./Entrega2_files/figure-latex/unnamed-chunk-18-3.pdf>]
LaTeX Font Info:    Trying to load font information for TS1+lmr on input line 933.
(/home/pau/.TinyTeX/texmf-dist/tex/latex/lm/ts1lmr.fd
File: ts1lmr.fd 2015/05/01 v1.6.1 Font defs for Latin Modern
) [21] [22] [23] [24] [25]
Overfull \hbox (11.99896pt too wide) in paragraph at lines 1459--1459
[]\T1/lmtt/m/n/10 ## Link between the variable and the continuous variables (R-square)[] 
 []


Overfull \hbox (95.99872pt too wide) in paragraph at lines 1459--1459
[]\T1/lmtt/m/n/10 ## =================================================================================[] 
 []

[26]
Overfull \hbox (27.74892pt too wide) in paragraph at lines 1459--1459
[]\T1/lmtt/m/n/10 ## Link between the variable and the categorical variable (1-way anova)[] 
 []


Overfull \hbox (32.9989pt too wide) in paragraph at lines 1459--1459
[]\T1/lmtt/m/n/10 ## Link between variable abd the categories of the categorical variables[] 
 []


Overfull \hbox (6.74898pt too wide) in paragraph at lines 1459--1459
[]\T1/lmtt/m/n/10 ## ================================================================[] 
 []

[27]
Overfull \hbox (11.99896pt too wide) in paragraph at lines 1459--1459
[]\T1/lmtt/m/n/10 ## Link between the variable and the continuous variables (R-square)[] 
 []


Overfull \hbox (95.99872pt too wide) in paragraph at lines 1459--1459
[]\T1/lmtt/m/n/10 ## =================================================================================[] 
 []


Overfull \hbox (27.74892pt too wide) in paragraph at lines 1459--1459
[]\T1/lmtt/m/n/10 ## Link between the variable and the categorical variable (1-way anova)[] 
 []

[28]
Overfull \hbox (32.9989pt too wide) in paragraph at lines 1459--1459
[]\T1/lmtt/m/n/10 ## Link between variable abd the categories of the categorical variables[] 
 []


Overfull \hbox (6.74898pt too wide) in paragraph at lines 1459--1459
[]\T1/lmtt/m/n/10 ## ================================================================[] 
 []

[29]
Overfull \hbox (11.99896pt too wide) in paragraph at lines 1459--1459
[]\T1/lmtt/m/n/10 ## Link between the variable and the continuous variables (R-square)[] 
 []


Overfull \hbox (95.99872pt too wide) in paragraph at lines 1459--1459
[]\T1/lmtt/m/n/10 ## =================================================================================[] 
 []


Overfull \hbox (27.74892pt too wide) in paragraph at lines 1459--1459
[]\T1/lmtt/m/n/10 ## Link between the variable and the categorical variable (1-way anova)[] 
 []


Overfull \hbox (32.9989pt too wide) in paragraph at lines 1459--1459
[]\T1/lmtt/m/n/10 ## Link between variable abd the categories of the categorical variables[] 
 []


Overfull \hbox (6.74898pt too wide) in paragraph at lines 1459--1459
[]\T1/lmtt/m/n/10 ## ================================================================[] 
 []

[30] [31]
Overfull \hbox (122.24864pt too wide) in paragraph at lines 1503--1503
[]\T1/lmtt/m/n/10 ## Warning: The `<scale>` argument of `guides()` cannot be `FALSE`. Use "none" instead as[] 
 []


Overfull \hbox (22.49893pt too wide) in paragraph at lines 1503--1503
[]\T1/lmtt/m/n/10 ## i The deprecated feature was likely used in the factoextra package.[] 
 []


! LaTeX Error: Unicode character ^^[ (U+001B)
               not set up for use with LaTeX.

See the LaTeX manual or LaTeX Companion for explanation.
Type  H <return>  for immediate help.
 ...                                              
                                                  
l.1503 \end{verbatim}
                      
Here is how much of TeX's memory you used:
 11310 strings out of 477984
 177733 string characters out of 5839135
 1874388 words of memory out of 5000000
 31269 multiletter control sequences out of 15000+600000
 531881 words of font info for 43 fonts, out of 8000000 for 9000
 14 hyphenation exceptions out of 8191
 75i,6n,76p,374b,588s stack positions out of 10000i,1000n,20000p,200000b,200000s

!  ==> Fatal error occurred, no output PDF file produced!
